{
  "RSpec": {
    "coverage": {
      "/Users/wileyhays/github/rails_weather_uga/uga_weather/app/helpers/application_helper.rb": [
        null,
        null,
        1,
        null
      ],
      "/Users/wileyhays/github/rails_weather_uga/uga_weather/app/helpers/charts_helper.rb": [
        null,
        null,
        1,
        null
      ],
      "/Users/wileyhays/github/rails_weather_uga/uga_weather/app/helpers/readings_helper.rb": [
        null,
        null,
        1,
        1,
        5,
        5,
        null,
        1,
        null,
        5,
        2,
        null,
        5,
        5,
        null,
        null,
        1,
        3,
        null,
        null,
        1,
        null,
        null,
        null,
        null,
        2,
        null,
        null,
        1,
        2,
        10,
        10,
        10,
        110,
        null,
        null,
        null
      ],
      "/Users/wileyhays/github/rails_weather_uga/uga_weather/app/helpers/weather_entries_helper.rb": [
        null,
        null,
        1,
        null
      ],
      "/Users/wileyhays/github/rails_weather_uga/uga_weather/app/controllers/charts_controller.rb": [
        null,
        null,
        1,
        1,
        1,
        null,
        null
      ],
      "/Users/wileyhays/github/rails_weather_uga/uga_weather/app/controllers/application_controller.rb": [
        null,
        null,
        1,
        1,
        null
      ],
      "/Users/wileyhays/github/rails_weather_uga/uga_weather/app/controllers/readings_controller.rb": [
        null,
        null,
        1,
        1,
        1,
        null,
        null
      ],
      "/Users/wileyhays/github/rails_weather_uga/uga_weather/app/controllers/weather_entries_controller.rb": [
        null,
        null,
        1,
        null
      ],
      "/Users/wileyhays/github/rails_weather_uga/uga_weather/app/models/reading.rb": [
        null,
        null,
        1,
        1,
        null,
        1,
        1,
        1,
        1,
        1,
        1,
        1,
        null
      ],
      "/Users/wileyhays/github/rails_weather_uga/uga_weather/app/models/weather_entry.rb": [
        null,
        null,
        1,
        null
      ],
      "/Users/wileyhays/github/rails_weather_uga/uga_weather/app/models/application_record.rb": [
        null,
        null,
        1,
        1,
        null
      ],
      "/Users/wileyhays/github/rails_weather_uga/uga_weather/app/services/gather_readings.rb": [
        null,
        null,
        1,
        1,
        null,
        1,
        1,
        1,
        null,
        null,
        1,
        4,
        4,
        null,
        null,
        1,
        1,
        1,
        1,
        null,
        null,
        1,
        1,
        null,
        1,
        50,
        50,
        null,
        6,
        null,
        null,
        1,
        null,
        null,
        null,
        null,
        null,
        null,
        null,
        50,
        null,
        null
      ],
      "/Users/wileyhays/github/rails_weather_uga/uga_weather/app/services/import_weather.rb": [
        null,
        null,
        1,
        1,
        null,
        null,
        1,
        null,
        null,
        1,
        1,
        5,
        5,
        5,
        50,
        null,
        5,
        5,
        5,
        null,
        null,
        null
      ],
      "/Users/wileyhays/github/rails_weather_uga/uga_weather/app/services/weather_data.rb": [
        null,
        null,
        1,
        1,
        1,
        1,
        null,
        1,
        1,
        17,
        17,
        17,
        null,
        null,
        1,
        17,
        17,
        17,
        null,
        null,
        1,
        17,
        17,
        17,
        null,
        16,
        null,
        1,
        null,
        null,
        null,
        1,
        null,
        17,
        17,
        null,
        null,
        1,
        17,
        187,
        null,
        null,
        null,
        1,
        17,
        17,
        170,
        170,
        null,
        17,
        null,
        null,
        1,
        170,
        null,
        null,
        null,
        null,
        null,
        null,
        null,
        null,
        null,
        null
      ],
      "/Users/wileyhays/github/rails_weather_uga/uga_weather/app/services/chart_display.rb": [
        null,
        null,
        1,
        1,
        null,
        1,
        1,
        1,
        null,
        null,
        1,
        1,
        null,
        null,
        null,
        null,
        null,
        null,
        null,
        null,
        null,
        null,
        null,
        null,
        null,
        null,
        null,
        1,
        6,
        1,
        1,
        null,
        null,
        null,
        null,
        null,
        10,
        null,
        null,
        null,
        1,
        null,
        1,
        null,
        1,
        null,
        null,
        null,
        null,
        null,
        1,
        10,
        7,
        1,
        1,
        1,
        4,
        null,
        null,
        null,
        1,
        null,
        null,
        null,
        null,
        60,
        null,
        null
      ],
      "/Users/wileyhays/github/rails_weather_uga/uga_weather/app/channels/application_cable/channel.rb": [
        null,
        null,
        null,
        null,
        null,
        null
      ],
      "/Users/wileyhays/github/rails_weather_uga/uga_weather/app/channels/application_cable/connection.rb": [
        null,
        null,
        null,
        null,
        null,
        null
      ],
      "/Users/wileyhays/github/rails_weather_uga/uga_weather/app/jobs/application_job.rb": [
        null,
        null,
        null,
        null
      ],
      "/Users/wileyhays/github/rails_weather_uga/uga_weather/app/mailers/application_mailer.rb": [
        null,
        null,
        null,
        null,
        null,
        null
      ]
    },
    "timestamp": 1507856160
  }
}
