{
  "RSpec": {
    "coverage": {
      "/Users/wileyhays/github/rails_weather_uga/uga_weather/app/channels/application_cable/channel.rb": [
        null,
        null,
        0,
        0,
        0,
        0
      ],
      "/Users/wileyhays/github/rails_weather_uga/uga_weather/app/channels/application_cable/connection.rb": [
        null,
        null,
        0,
        0,
        0,
        0
      ],
      "/Users/wileyhays/github/rails_weather_uga/uga_weather/app/controllers/application_controller.rb": [
        null,
        null,
        0,
        0,
        0
      ],
      "/Users/wileyhays/github/rails_weather_uga/uga_weather/app/controllers/charts_controller.rb": [
        null,
        null,
        0,
        0,
        0,
        0,
        0
      ],
      "/Users/wileyhays/github/rails_weather_uga/uga_weather/app/controllers/readings_controller.rb": [
        null,
        null,
        0,
        0,
        0,
        0,
        null,
        null,
        0,
        0,
        null,
        null,
        0,
        0,
        0,
        null,
        0,
        0,
        0,
        0,
        0,
        0,
        0,
        0,
        null,
        0,
        0,
        0,
        0,
        0,
        0,
        0,
        0,
        0,
        0
      ],
      "/Users/wileyhays/github/rails_weather_uga/uga_weather/app/controllers/weather_entries_controller.rb": [
        null,
        null,
        0,
        0
      ],
      "/Users/wileyhays/github/rails_weather_uga/uga_weather/app/helpers/application_helper.rb": [
        null,
        null,
        0,
        0
      ],
      "/Users/wileyhays/github/rails_weather_uga/uga_weather/app/helpers/charts_helper.rb": [
        0,
        0
      ],
      "/Users/wileyhays/github/rails_weather_uga/uga_weather/app/helpers/readings_helper.rb": [
        null,
        null,
        0,
        0
      ],
      "/Users/wileyhays/github/rails_weather_uga/uga_weather/app/helpers/weather_entries_helper.rb": [
        null,
        null,
        0,
        0
      ],
      "/Users/wileyhays/github/rails_weather_uga/uga_weather/app/jobs/application_job.rb": [
        null,
        null,
        0,
        0
      ],
      "/Users/wileyhays/github/rails_weather_uga/uga_weather/app/mailers/application_mailer.rb": [
        null,
        null,
        0,
        0,
        0,
        0
      ],
      "/Users/wileyhays/github/rails_weather_uga/uga_weather/app/models/application_record.rb": [
        null,
        null,
        0,
        0,
        0
      ],
      "/Users/wileyhays/github/rails_weather_uga/uga_weather/app/models/reading.rb": [
        null,
        null,
        0,
        0,
        null,
        0,
        0,
        0,
        0,
        0,
        0,
        0,
        0
      ],
      "/Users/wileyhays/github/rails_weather_uga/uga_weather/app/models/weather_entry.rb": [
        null,
        null,
        0,
        0
      ],
      "/Users/wileyhays/github/rails_weather_uga/uga_weather/app/services/chart_display.rb": [
        0,
        0,
        0,
        0,
        0,
        null,
        0,
        0,
        0,
        0,
        0,
        null,
        null,
        null,
        null,
        null,
        null,
        null,
        null,
        null,
        null,
        null,
        null,
        null,
        null,
        0,
        0,
        0,
        0,
        0,
        0,
        0,
        0,
        0,
        0,
        0,
        null,
        0,
        null,
        0,
        0,
        0,
        0,
        0,
        0,
        0,
        null,
        0,
        0,
        0,
        0,
        0,
        0,
        0,
        0,
        0,
        null,
        0,
        0,
        0,
        0,
        0,
        0,
        0,
        0
      ],
      "/Users/wileyhays/github/rails_weather_uga/uga_weather/app/services/import_weather.rb": [
        null,
        null,
        0,
        0,
        null,
        null,
        0,
        0,
        null,
        0,
        0,
        0,
        0,
        0,
        0,
        0,
        0,
        0,
        0,
        0,
        0,
        0
      ],
      "/Users/wileyhays/github/rails_weather_uga/uga_weather/app/services/weather_data.rb": [
        null,
        null,
        0,
        0,
        0,
        0,
        0,
        0,
        null,
        0,
        0,
        0,
        0,
        0,
        0,
        null,
        0,
        0,
        0,
        0,
        0,
        null,
        0,
        0,
        0,
        0,
        null,
        0,
        0,
        0,
        0,
        0,
        null,
        0,
        0,
        0,
        0,
        0,
        0,
        0,
        0,
        null,
        0,
        0,
        0,
        0,
        0,
        0,
        0,
        0,
        0,
        0,
        0,
        0
      ]
    },
    "timestamp": 1507094579
  }
}
